https://www.eventbrite.com/e/brunch-bingo-tickets-797377937877?aff=ebdssbdestsearch
https://www.eventbrite.com/e/aazk-bowling-bash-tickets-1295286911019?aff=ebdssbdestsearch
https://www.eventbrite.com/e/the-14th-annual-yellow-affair-tickets-1310635719719
https://www.eventbrite.com/e/ashley-poston-sounds-like-love-tickets-1318989676629?aff=ebdssbdestsearch
https://www.eventbrite.com/e/general-conference-2025creating-oasis-transformational-weekend-registration-1016534300457
https://www.eventbrite.com/e/b-dylan-hollis-baking-across-america-tickets-1285869242519
https://www.eventbrite.com/e/july-12th-autumn-live-in-phoenix-az-tickets-1295019471099?aff=ebdssbdestsearch
https://www.eventbrite.com/e/vana-liya-tickets-1336127666819?aff=ebdssbdestsearch
https://www.eventbrite.com/e/2025-adult-field-trip-aft-tickets-1109900244509?aff=ebdssbdestsearch
https://www.eventbrite.com/e/swdnn-presents-klean-klassy-dress-to-impress-tickets-1276014296109?aff=ebdssbdestsearch
https://www.eventbrite.com/e/ashley-poston-sounds-like-love-tickets-1318989676629
https://www.eventbrite.com/e/b-dylan-hollis-baking-across-america-tickets-1285869242519?aff=ebdssbdestsearch
https://www.eventbrite.com/e/equis-gold-standard-tour-phoenix-az-tickets-1245083260549
https://www.eventbrite.com/e/the-14th-annual-yellow-affair-tickets-1310635719719?aff=ebdssbdestsearch
https://www.eventbrite.com/e/general-conference-2025creating-oasis-transformational-weekend-registration-1016534300457?aff=ebdssbdestsearch
https://www.eventbrite.com/e/the-takeover-encounter-2025-tickets-1308554705349?aff=ebdssbdestsearch
https://www.eventbrite.com/e/equis-gold-standard-tour-phoenix-az-tickets-1245083260549?aff=ebdssbdestsearch
https://www.eventbrite.com/e/phoenix-tempe-speed-dating-for-singles-age-40s50s-arizona-tickets-1316957267639?aff=ebdssbdestsearch
https://www.eventbrite.com/e/phoenix-tempe-speed-dating-for-singles-age-40s50s-arizona-tickets-1316957267639
https://www.eventbrite.com/e/xeyh-live-in-phoenix-az-july-12th-tickets-1318358147709?aff=ebdssbdestsearch
https://www.eventbrite.com/e/ancestral-beading-workshop-at-rainbow-bliss-botanicals-tickets-1317791242079?aff=ebdssbdestsearch
https://www.eventbrite.com/e/phoenix-tempe-speed-dating-for-singles-age-21-39-arizona-tickets-1316963536389?aff=ebdssbdestsearch
https://www.eventbrite.com/e/travesuras-reggaeton-experience-darkstar-tempe-az-tickets-1340973490809?aff=ebdssbdestsearch
https://www.eventbrite.com/e/revm-2025-tickets-1092939464359?aff=ebdssbdestsearch
https://www.eventbrite.com/e/the-takeover-encounter-2025-tickets-1308554705349